<?xml version="1.0" encoding="UTF-8"?>
<!-- Generated by org.testng.reporters.JUnitReportReporter -->
<testsuite hostname="DESKTOP-L8RV5BP" failures="0" tests="1" name="testing_API_GET.Test1" time="2.351" errors="0" timestamp="2022-05-20T09:33:29 IST" skipped="0">
  <testcase classname="testing_API_GET.Test1" name="test1" time="2.351"/>
  <system-out/>
</testsuite> <!-- testing_API_GET.Test1 -->
