<?xml version="1.0" encoding="UTF-8"?>
<!-- Generated by org.testng.reporters.JUnitReportReporter -->
<testsuite hostname="DESKTOP-L8RV5BP" failures="0" tests="4" name="testing_API.Test1" time="4.466" errors="0" timestamp="2022-05-20T09:41:48 IST" skipped="0">
  <testcase classname="testing_API.Test1" name="testGET" time="2.826"/>
  <system-out/>
  <testcase classname="testing_API.Test1" name="testPOST" time="0.575"/>
  <system-out/>
  <testcase classname="testing_API.Test1" name="testPUT" time="0.536"/>
  <system-out/>
  <testcase classname="testing_API.Test1" name="testDELETE" time="0.529"/>
  <system-out/>
</testsuite> <!-- testing_API.Test1 -->
